[INFO] [2017-06-22 15:46:25][org.springframework.test.context.support.DefaultTestContextBootstrapper]Using TestExecutionListeners: [org.springframework.test.context.web.ServletTestExecutionListener@51565ec2, org.springframework.test.context.support.DirtiesContextBeforeModesTestExecutionListener@482f8f11, org.springframework.test.context.support.DependencyInjectionTestExecutionListener@1593948d, org.springframework.test.context.support.DirtiesContextTestExecutionListener@1b604f19]
[INFO] [2017-06-22 15:46:26][org.springframework.beans.factory.xml.XmlBeanDefinitionReader]Loading XML bean definitions from class path resource [applicationContext.xml]
[INFO] [2017-06-22 15:46:26][org.springframework.beans.factory.xml.XmlBeanDefinitionReader]Loading XML bean definitions from class path resource [spring/spring-dao.xml]
[INFO] [2017-06-22 15:46:26][org.springframework.beans.factory.xml.XmlBeanDefinitionReader]Loading XML bean definitions from class path resource [spring/spring-jdbc.xml]
[INFO] [2017-06-22 15:46:26][org.springframework.beans.factory.xml.XmlBeanDefinitionReader]Loading XML bean definitions from class path resource [spring/spring-tx.xml]
[INFO] [2017-06-22 15:46:26][org.springframework.beans.factory.xml.XmlBeanDefinitionReader]Loading XML bean definitions from class path resource [spring/spring-shiro.xml]
[INFO] [2017-06-22 15:46:26][org.springframework.context.support.GenericApplicationContext]Refreshing org.springframework.context.support.GenericApplicationContext@27c20538: startup date [Thu Jun 22 15:46:26 CST 2017]; root of context hierarchy
[INFO] [2017-06-22 15:46:27][org.springframework.beans.factory.annotation.AutowiredAnnotationBeanPostProcessor]JSR-330 'javax.inject.Inject' annotation found and supported for autowiring
[INFO] [2017-06-22 15:46:27][org.springframework.context.support.PostProcessorRegistrationDelegate$BeanPostProcessorChecker]Bean 'org.springframework.aop.support.DefaultBeanFactoryPointcutAdvisor#0' of type [org.springframework.aop.support.DefaultBeanFactoryPointcutAdvisor] is not eligible for getting processed by all BeanPostProcessors (for example: not eligible for auto-proxying)
[INFO] [2017-06-22 15:46:27][org.springframework.context.support.PostProcessorRegistrationDelegate$BeanPostProcessorChecker]Bean 'dataSource' of type [org.apache.commons.dbcp2.BasicDataSource] is not eligible for getting processed by all BeanPostProcessors (for example: not eligible for auto-proxying)
[INFO] [2017-06-22 15:46:28][org.springframework.context.support.PostProcessorRegistrationDelegate$BeanPostProcessorChecker]Bean 'sqlSessionFactory' of type [org.mybatis.spring.SqlSessionFactoryBean] is not eligible for getting processed by all BeanPostProcessors (for example: not eligible for auto-proxying)
[INFO] [2017-06-22 15:46:28][org.springframework.context.support.PostProcessorRegistrationDelegate$BeanPostProcessorChecker]Bean 'sqlSessionFactory' of type [org.apache.ibatis.session.defaults.DefaultSqlSessionFactory] is not eligible for getting processed by all BeanPostProcessors (for example: not eligible for auto-proxying)
[INFO] [2017-06-22 15:46:28][org.springframework.context.support.PostProcessorRegistrationDelegate$BeanPostProcessorChecker]Bean 'userDao' of type [org.mybatis.spring.mapper.MapperFactoryBean] is not eligible for getting processed by all BeanPostProcessors (for example: not eligible for auto-proxying)
[INFO] [2017-06-22 15:46:28][org.springframework.context.support.PostProcessorRegistrationDelegate$BeanPostProcessorChecker]Bean 'userDao' of type [com.sun.proxy.$Proxy23] is not eligible for getting processed by all BeanPostProcessors (for example: not eligible for auto-proxying)
[INFO] [2017-06-22 15:46:28][org.springframework.context.support.PostProcessorRegistrationDelegate$BeanPostProcessorChecker]Bean 'myRealm' of type [cn.zhr.realm.MyRealm] is not eligible for getting processed by all BeanPostProcessors (for example: not eligible for auto-proxying)
[INFO] [2017-06-22 15:46:28][org.springframework.context.support.PostProcessorRegistrationDelegate$BeanPostProcessorChecker]Bean 'securityManager' of type [org.apache.shiro.web.mgt.DefaultWebSecurityManager] is not eligible for getting processed by all BeanPostProcessors (for example: not eligible for auto-proxying)
[INFO] [2017-06-22 15:46:28][org.springframework.context.support.PostProcessorRegistrationDelegate$BeanPostProcessorChecker]Bean 'org.apache.shiro.spring.security.interceptor.AuthorizationAttributeSourceAdvisor#0' of type [org.apache.shiro.spring.security.interceptor.AuthorizationAttributeSourceAdvisor] is not eligible for getting processed by all BeanPostProcessors (for example: not eligible for auto-proxying)
[INFO] [2017-06-22 15:46:28][org.springframework.context.support.GenericApplicationContext]Closing org.springframework.context.support.GenericApplicationContext@27c20538: startup date [Thu Jun 22 15:46:26 CST 2017]; root of context hierarchy
[INFO] [2017-06-30 10:36:39][org.springframework.test.context.support.DefaultTestContextBootstrapper]Using TestExecutionListeners: [org.springframework.test.context.web.ServletTestExecutionListener@2a5ca609, org.springframework.test.context.support.DirtiesContextBeforeModesTestExecutionListener@20e2cbe0, org.springframework.test.context.support.DependencyInjectionTestExecutionListener@68be2bc2, org.springframework.test.context.support.DirtiesContextTestExecutionListener@28feb3fa]
[INFO] [2017-06-30 10:36:39][org.springframework.beans.factory.xml.XmlBeanDefinitionReader]Loading XML bean definitions from class path resource [applicationContext.xml]
[INFO] [2017-06-30 10:36:40][org.springframework.beans.factory.xml.XmlBeanDefinitionReader]Loading XML bean definitions from class path resource [spring/spring-dao.xml]
[INFO] [2017-06-30 10:36:40][org.springframework.beans.factory.xml.XmlBeanDefinitionReader]Loading XML bean definitions from class path resource [spring/spring-jdbc.xml]
[INFO] [2017-06-30 10:36:40][org.springframework.beans.factory.xml.XmlBeanDefinitionReader]Loading XML bean definitions from class path resource [spring/spring-tx.xml]
[INFO] [2017-06-30 10:36:40][org.springframework.beans.factory.xml.XmlBeanDefinitionReader]Loading XML bean definitions from class path resource [spring/spring-shiro.xml]
[INFO] [2017-06-30 10:36:40][org.springframework.context.support.GenericApplicationContext]Refreshing org.springframework.context.support.GenericApplicationContext@31a5c39e: startup date [Fri Jun 30 10:36:40 CST 2017]; root of context hierarchy
[INFO] [2017-06-30 10:36:41][org.springframework.beans.factory.annotation.AutowiredAnnotationBeanPostProcessor]JSR-330 'javax.inject.Inject' annotation found and supported for autowiring
[INFO] [2017-06-30 10:36:42][org.springframework.context.support.PostProcessorRegistrationDelegate$BeanPostProcessorChecker]Bean 'org.springframework.aop.support.DefaultBeanFactoryPointcutAdvisor#0' of type [org.springframework.aop.support.DefaultBeanFactoryPointcutAdvisor] is not eligible for getting processed by all BeanPostProcessors (for example: not eligible for auto-proxying)
[INFO] [2017-06-30 10:36:43][org.springframework.context.support.PostProcessorRegistrationDelegate$BeanPostProcessorChecker]Bean 'dataSource' of type [org.apache.commons.dbcp2.BasicDataSource] is not eligible for getting processed by all BeanPostProcessors (for example: not eligible for auto-proxying)
[INFO] [2017-06-30 10:36:44][org.springframework.context.support.PostProcessorRegistrationDelegate$BeanPostProcessorChecker]Bean 'sqlSessionFactory' of type [org.mybatis.spring.SqlSessionFactoryBean] is not eligible for getting processed by all BeanPostProcessors (for example: not eligible for auto-proxying)
[INFO] [2017-06-30 10:36:44][org.springframework.context.support.PostProcessorRegistrationDelegate$BeanPostProcessorChecker]Bean 'sqlSessionFactory' of type [org.apache.ibatis.session.defaults.DefaultSqlSessionFactory] is not eligible for getting processed by all BeanPostProcessors (for example: not eligible for auto-proxying)
[INFO] [2017-06-30 10:36:44][org.springframework.context.support.PostProcessorRegistrationDelegate$BeanPostProcessorChecker]Bean 'userDao' of type [org.mybatis.spring.mapper.MapperFactoryBean] is not eligible for getting processed by all BeanPostProcessors (for example: not eligible for auto-proxying)
[INFO] [2017-06-30 10:36:44][org.springframework.context.support.PostProcessorRegistrationDelegate$BeanPostProcessorChecker]Bean 'userDao' of type [com.sun.proxy.$Proxy22] is not eligible for getting processed by all BeanPostProcessors (for example: not eligible for auto-proxying)
[INFO] [2017-06-30 10:36:44][org.springframework.context.support.PostProcessorRegistrationDelegate$BeanPostProcessorChecker]Bean 'myRealm' of type [cn.zhr.realm.MyRealm] is not eligible for getting processed by all BeanPostProcessors (for example: not eligible for auto-proxying)
[INFO] [2017-06-30 10:36:44][org.springframework.context.support.PostProcessorRegistrationDelegate$BeanPostProcessorChecker]Bean 'securityManager' of type [org.apache.shiro.web.mgt.DefaultWebSecurityManager] is not eligible for getting processed by all BeanPostProcessors (for example: not eligible for auto-proxying)
[INFO] [2017-06-30 10:36:44][org.springframework.context.support.PostProcessorRegistrationDelegate$BeanPostProcessorChecker]Bean 'org.apache.shiro.spring.security.interceptor.AuthorizationAttributeSourceAdvisor#0' of type [org.apache.shiro.spring.security.interceptor.AuthorizationAttributeSourceAdvisor] is not eligible for getting processed by all BeanPostProcessors (for example: not eligible for auto-proxying)
[INFO] [2017-06-30 10:36:45][org.springframework.context.support.GenericApplicationContext]Closing org.springframework.context.support.GenericApplicationContext@31a5c39e: startup date [Fri Jun 30 10:36:40 CST 2017]; root of context hierarchy
[INFO] [2017-06-30 10:37:25][org.springframework.test.context.support.DefaultTestContextBootstrapper]Using TestExecutionListeners: [org.springframework.test.context.web.ServletTestExecutionListener@2a5ca609, org.springframework.test.context.support.DirtiesContextBeforeModesTestExecutionListener@20e2cbe0, org.springframework.test.context.support.DependencyInjectionTestExecutionListener@68be2bc2, org.springframework.test.context.support.DirtiesContextTestExecutionListener@28feb3fa]
[INFO] [2017-06-30 10:37:25][org.springframework.beans.factory.xml.XmlBeanDefinitionReader]Loading XML bean definitions from class path resource [applicationContext.xml]
[INFO] [2017-06-30 10:37:25][org.springframework.beans.factory.xml.XmlBeanDefinitionReader]Loading XML bean definitions from class path resource [spring/spring-dao.xml]
[INFO] [2017-06-30 10:37:25][org.springframework.beans.factory.xml.XmlBeanDefinitionReader]Loading XML bean definitions from class path resource [spring/spring-jdbc.xml]
[INFO] [2017-06-30 10:37:25][org.springframework.beans.factory.xml.XmlBeanDefinitionReader]Loading XML bean definitions from class path resource [spring/spring-tx.xml]
[INFO] [2017-06-30 10:37:25][org.springframework.beans.factory.xml.XmlBeanDefinitionReader]Loading XML bean definitions from class path resource [spring/spring-shiro.xml]
[INFO] [2017-06-30 10:37:25][org.springframework.context.support.GenericApplicationContext]Refreshing org.springframework.context.support.GenericApplicationContext@31a5c39e: startup date [Fri Jun 30 10:37:25 CST 2017]; root of context hierarchy
[INFO] [2017-06-30 10:37:25][org.springframework.beans.factory.annotation.AutowiredAnnotationBeanPostProcessor]JSR-330 'javax.inject.Inject' annotation found and supported for autowiring
[INFO] [2017-06-30 10:37:25][org.springframework.context.support.PostProcessorRegistrationDelegate$BeanPostProcessorChecker]Bean 'org.springframework.aop.support.DefaultBeanFactoryPointcutAdvisor#0' of type [org.springframework.aop.support.DefaultBeanFactoryPointcutAdvisor] is not eligible for getting processed by all BeanPostProcessors (for example: not eligible for auto-proxying)
[INFO] [2017-06-30 10:37:26][org.springframework.context.support.PostProcessorRegistrationDelegate$BeanPostProcessorChecker]Bean 'dataSource' of type [org.apache.commons.dbcp2.BasicDataSource] is not eligible for getting processed by all BeanPostProcessors (for example: not eligible for auto-proxying)
[INFO] [2017-06-30 10:37:26][org.springframework.context.support.PostProcessorRegistrationDelegate$BeanPostProcessorChecker]Bean 'sqlSessionFactory' of type [org.mybatis.spring.SqlSessionFactoryBean] is not eligible for getting processed by all BeanPostProcessors (for example: not eligible for auto-proxying)
[INFO] [2017-06-30 10:37:26][org.springframework.context.support.PostProcessorRegistrationDelegate$BeanPostProcessorChecker]Bean 'sqlSessionFactory' of type [org.apache.ibatis.session.defaults.DefaultSqlSessionFactory] is not eligible for getting processed by all BeanPostProcessors (for example: not eligible for auto-proxying)
[INFO] [2017-06-30 10:37:26][org.springframework.context.support.PostProcessorRegistrationDelegate$BeanPostProcessorChecker]Bean 'userDao' of type [org.mybatis.spring.mapper.MapperFactoryBean] is not eligible for getting processed by all BeanPostProcessors (for example: not eligible for auto-proxying)
[INFO] [2017-06-30 10:37:26][org.springframework.context.support.PostProcessorRegistrationDelegate$BeanPostProcessorChecker]Bean 'userDao' of type [com.sun.proxy.$Proxy22] is not eligible for getting processed by all BeanPostProcessors (for example: not eligible for auto-proxying)
[INFO] [2017-06-30 10:37:26][org.springframework.context.support.PostProcessorRegistrationDelegate$BeanPostProcessorChecker]Bean 'myRealm' of type [cn.zhr.realm.MyRealm] is not eligible for getting processed by all BeanPostProcessors (for example: not eligible for auto-proxying)
[INFO] [2017-06-30 10:37:26][org.springframework.context.support.PostProcessorRegistrationDelegate$BeanPostProcessorChecker]Bean 'securityManager' of type [org.apache.shiro.web.mgt.DefaultWebSecurityManager] is not eligible for getting processed by all BeanPostProcessors (for example: not eligible for auto-proxying)
[INFO] [2017-06-30 10:37:26][org.springframework.context.support.PostProcessorRegistrationDelegate$BeanPostProcessorChecker]Bean 'org.apache.shiro.spring.security.interceptor.AuthorizationAttributeSourceAdvisor#0' of type [org.apache.shiro.spring.security.interceptor.AuthorizationAttributeSourceAdvisor] is not eligible for getting processed by all BeanPostProcessors (for example: not eligible for auto-proxying)
[INFO] [2017-06-30 10:37:27][org.springframework.context.support.GenericApplicationContext]Closing org.springframework.context.support.GenericApplicationContext@31a5c39e: startup date [Fri Jun 30 10:37:25 CST 2017]; root of context hierarchy
[INFO] [2017-06-30 11:22:05][org.springframework.test.context.support.DefaultTestContextBootstrapper]Using TestExecutionListeners: [org.springframework.test.context.web.ServletTestExecutionListener@2a5ca609, org.springframework.test.context.support.DirtiesContextBeforeModesTestExecutionListener@20e2cbe0, org.springframework.test.context.support.DependencyInjectionTestExecutionListener@68be2bc2, org.springframework.test.context.support.DirtiesContextTestExecutionListener@28feb3fa]
[INFO] [2017-06-30 11:22:05][org.springframework.beans.factory.xml.XmlBeanDefinitionReader]Loading XML bean definitions from class path resource [applicationContext.xml]
[INFO] [2017-06-30 11:22:06][org.springframework.beans.factory.xml.XmlBeanDefinitionReader]Loading XML bean definitions from class path resource [spring/spring-dao.xml]
[INFO] [2017-06-30 11:22:06][org.springframework.beans.factory.xml.XmlBeanDefinitionReader]Loading XML bean definitions from class path resource [spring/spring-jdbc.xml]
[INFO] [2017-06-30 11:22:06][org.springframework.beans.factory.xml.XmlBeanDefinitionReader]Loading XML bean definitions from class path resource [spring/spring-tx.xml]
[INFO] [2017-06-30 11:22:06][org.springframework.beans.factory.xml.XmlBeanDefinitionReader]Loading XML bean definitions from class path resource [spring/spring-shiro.xml]
[INFO] [2017-06-30 11:22:06][org.springframework.context.support.GenericApplicationContext]Refreshing org.springframework.context.support.GenericApplicationContext@31a5c39e: startup date [Fri Jun 30 11:22:06 CST 2017]; root of context hierarchy
[INFO] [2017-06-30 11:22:06][org.springframework.beans.factory.annotation.AutowiredAnnotationBeanPostProcessor]JSR-330 'javax.inject.Inject' annotation found and supported for autowiring
[INFO] [2017-06-30 11:22:07][org.springframework.context.support.PostProcessorRegistrationDelegate$BeanPostProcessorChecker]Bean 'org.springframework.aop.support.DefaultBeanFactoryPointcutAdvisor#0' of type [org.springframework.aop.support.DefaultBeanFactoryPointcutAdvisor] is not eligible for getting processed by all BeanPostProcessors (for example: not eligible for auto-proxying)
[INFO] [2017-06-30 11:22:07][org.springframework.context.support.PostProcessorRegistrationDelegate$BeanPostProcessorChecker]Bean 'dataSource' of type [org.apache.commons.dbcp2.BasicDataSource] is not eligible for getting processed by all BeanPostProcessors (for example: not eligible for auto-proxying)
[INFO] [2017-06-30 11:22:08][org.springframework.context.support.PostProcessorRegistrationDelegate$BeanPostProcessorChecker]Bean 'sqlSessionFactory' of type [org.mybatis.spring.SqlSessionFactoryBean] is not eligible for getting processed by all BeanPostProcessors (for example: not eligible for auto-proxying)
[INFO] [2017-06-30 11:22:08][org.springframework.context.support.PostProcessorRegistrationDelegate$BeanPostProcessorChecker]Bean 'sqlSessionFactory' of type [org.apache.ibatis.session.defaults.DefaultSqlSessionFactory] is not eligible for getting processed by all BeanPostProcessors (for example: not eligible for auto-proxying)
[INFO] [2017-06-30 11:22:08][org.springframework.context.support.PostProcessorRegistrationDelegate$BeanPostProcessorChecker]Bean 'userDao' of type [org.mybatis.spring.mapper.MapperFactoryBean] is not eligible for getting processed by all BeanPostProcessors (for example: not eligible for auto-proxying)
[INFO] [2017-06-30 11:22:08][org.springframework.context.support.PostProcessorRegistrationDelegate$BeanPostProcessorChecker]Bean 'userDao' of type [com.sun.proxy.$Proxy22] is not eligible for getting processed by all BeanPostProcessors (for example: not eligible for auto-proxying)
[INFO] [2017-06-30 11:22:08][org.springframework.context.support.PostProcessorRegistrationDelegate$BeanPostProcessorChecker]Bean 'myRealm' of type [cn.zhr.realm.MyRealm] is not eligible for getting processed by all BeanPostProcessors (for example: not eligible for auto-proxying)
[INFO] [2017-06-30 11:22:08][org.springframework.context.support.PostProcessorRegistrationDelegate$BeanPostProcessorChecker]Bean 'securityManager' of type [org.apache.shiro.web.mgt.DefaultWebSecurityManager] is not eligible for getting processed by all BeanPostProcessors (for example: not eligible for auto-proxying)
[INFO] [2017-06-30 11:22:08][org.springframework.context.support.PostProcessorRegistrationDelegate$BeanPostProcessorChecker]Bean 'org.apache.shiro.spring.security.interceptor.AuthorizationAttributeSourceAdvisor#0' of type [org.apache.shiro.spring.security.interceptor.AuthorizationAttributeSourceAdvisor] is not eligible for getting processed by all BeanPostProcessors (for example: not eligible for auto-proxying)
[INFO] [2017-06-30 11:22:09][org.springframework.context.support.GenericApplicationContext]Closing org.springframework.context.support.GenericApplicationContext@31a5c39e: startup date [Fri Jun 30 11:22:06 CST 2017]; root of context hierarchy
[INFO] [2017-06-30 11:23:16][org.springframework.test.context.support.DefaultTestContextBootstrapper]Using TestExecutionListeners: [org.springframework.test.context.web.ServletTestExecutionListener@2a5ca609, org.springframework.test.context.support.DirtiesContextBeforeModesTestExecutionListener@20e2cbe0, org.springframework.test.context.support.DependencyInjectionTestExecutionListener@68be2bc2, org.springframework.test.context.support.DirtiesContextTestExecutionListener@28feb3fa]
[INFO] [2017-06-30 11:23:16][org.springframework.beans.factory.xml.XmlBeanDefinitionReader]Loading XML bean definitions from class path resource [applicationContext.xml]
[INFO] [2017-06-30 11:23:16][org.springframework.beans.factory.xml.XmlBeanDefinitionReader]Loading XML bean definitions from class path resource [spring/spring-dao.xml]
[INFO] [2017-06-30 11:23:16][org.springframework.beans.factory.xml.XmlBeanDefinitionReader]Loading XML bean definitions from class path resource [spring/spring-jdbc.xml]
[INFO] [2017-06-30 11:23:16][org.springframework.beans.factory.xml.XmlBeanDefinitionReader]Loading XML bean definitions from class path resource [spring/spring-tx.xml]
[INFO] [2017-06-30 11:23:16][org.springframework.beans.factory.xml.XmlBeanDefinitionReader]Loading XML bean definitions from class path resource [spring/spring-shiro.xml]
[INFO] [2017-06-30 11:23:16][org.springframework.context.support.GenericApplicationContext]Refreshing org.springframework.context.support.GenericApplicationContext@31a5c39e: startup date [Fri Jun 30 11:23:16 CST 2017]; root of context hierarchy
[INFO] [2017-06-30 11:23:16][org.springframework.beans.factory.annotation.AutowiredAnnotationBeanPostProcessor]JSR-330 'javax.inject.Inject' annotation found and supported for autowiring
[INFO] [2017-06-30 11:23:16][org.springframework.context.support.PostProcessorRegistrationDelegate$BeanPostProcessorChecker]Bean 'org.springframework.aop.support.DefaultBeanFactoryPointcutAdvisor#0' of type [org.springframework.aop.support.DefaultBeanFactoryPointcutAdvisor] is not eligible for getting processed by all BeanPostProcessors (for example: not eligible for auto-proxying)
[INFO] [2017-06-30 11:23:16][org.springframework.context.support.PostProcessorRegistrationDelegate$BeanPostProcessorChecker]Bean 'dataSource' of type [org.apache.commons.dbcp2.BasicDataSource] is not eligible for getting processed by all BeanPostProcessors (for example: not eligible for auto-proxying)
[INFO] [2017-06-30 11:23:17][org.springframework.context.support.PostProcessorRegistrationDelegate$BeanPostProcessorChecker]Bean 'sqlSessionFactory' of type [org.mybatis.spring.SqlSessionFactoryBean] is not eligible for getting processed by all BeanPostProcessors (for example: not eligible for auto-proxying)
[INFO] [2017-06-30 11:23:17][org.springframework.context.support.PostProcessorRegistrationDelegate$BeanPostProcessorChecker]Bean 'sqlSessionFactory' of type [org.apache.ibatis.session.defaults.DefaultSqlSessionFactory] is not eligible for getting processed by all BeanPostProcessors (for example: not eligible for auto-proxying)
[INFO] [2017-06-30 11:23:17][org.springframework.context.support.PostProcessorRegistrationDelegate$BeanPostProcessorChecker]Bean 'userDao' of type [org.mybatis.spring.mapper.MapperFactoryBean] is not eligible for getting processed by all BeanPostProcessors (for example: not eligible for auto-proxying)
[INFO] [2017-06-30 11:23:17][org.springframework.context.support.PostProcessorRegistrationDelegate$BeanPostProcessorChecker]Bean 'userDao' of type [com.sun.proxy.$Proxy22] is not eligible for getting processed by all BeanPostProcessors (for example: not eligible for auto-proxying)
[INFO] [2017-06-30 11:23:17][org.springframework.context.support.PostProcessorRegistrationDelegate$BeanPostProcessorChecker]Bean 'myRealm' of type [cn.zhr.realm.MyRealm] is not eligible for getting processed by all BeanPostProcessors (for example: not eligible for auto-proxying)
[INFO] [2017-06-30 11:23:17][org.springframework.context.support.PostProcessorRegistrationDelegate$BeanPostProcessorChecker]Bean 'securityManager' of type [org.apache.shiro.web.mgt.DefaultWebSecurityManager] is not eligible for getting processed by all BeanPostProcessors (for example: not eligible for auto-proxying)
[INFO] [2017-06-30 11:23:17][org.springframework.context.support.PostProcessorRegistrationDelegate$BeanPostProcessorChecker]Bean 'org.apache.shiro.spring.security.interceptor.AuthorizationAttributeSourceAdvisor#0' of type [org.apache.shiro.spring.security.interceptor.AuthorizationAttributeSourceAdvisor] is not eligible for getting processed by all BeanPostProcessors (for example: not eligible for auto-proxying)
[INFO] [2017-06-30 11:23:17][org.springframework.context.support.GenericApplicationContext]Closing org.springframework.context.support.GenericApplicationContext@31a5c39e: startup date [Fri Jun 30 11:23:16 CST 2017]; root of context hierarchy
[INFO] [2017-10-26 17:54:13][org.springframework.test.context.support.DefaultTestContextBootstrapper]Using TestExecutionListeners: [org.springframework.test.context.web.ServletTestExecutionListener@7c16905e, org.springframework.test.context.support.DirtiesContextBeforeModesTestExecutionListener@2a2d45ba, org.springframework.test.context.support.DependencyInjectionTestExecutionListener@2a5ca609, org.springframework.test.context.support.DirtiesContextTestExecutionListener@20e2cbe0]
[INFO] [2017-10-26 17:54:14][org.springframework.beans.factory.xml.XmlBeanDefinitionReader]Loading XML bean definitions from class path resource [applicationContext.xml]
[INFO] [2017-10-26 17:54:16][org.springframework.beans.factory.xml.XmlBeanDefinitionReader]Loading XML bean definitions from class path resource [spring/spring-dao.xml]
[INFO] [2017-10-26 17:54:16][org.springframework.beans.factory.xml.XmlBeanDefinitionReader]Loading XML bean definitions from class path resource [spring/spring-jdbc.xml]
[INFO] [2017-10-26 17:54:16][org.springframework.beans.factory.xml.XmlBeanDefinitionReader]Loading XML bean definitions from class path resource [spring/spring-tx.xml]
[INFO] [2017-10-26 17:54:17][org.springframework.beans.factory.xml.XmlBeanDefinitionReader]Loading XML bean definitions from class path resource [spring/spring-shiro.xml]
[INFO] [2017-10-26 17:54:17][org.springframework.context.support.GenericApplicationContext]Refreshing org.springframework.context.support.GenericApplicationContext@5f2108b5: startup date [Thu Oct 26 17:54:17 CST 2017]; root of context hierarchy
[INFO] [2017-10-26 17:54:18][org.springframework.beans.factory.annotation.AutowiredAnnotationBeanPostProcessor]JSR-330 'javax.inject.Inject' annotation found and supported for autowiring
[INFO] [2017-10-26 17:54:18][org.springframework.context.support.PostProcessorRegistrationDelegate$BeanPostProcessorChecker]Bean 'org.springframework.aop.support.DefaultBeanFactoryPointcutAdvisor#0' of type [org.springframework.aop.support.DefaultBeanFactoryPointcutAdvisor] is not eligible for getting processed by all BeanPostProcessors (for example: not eligible for auto-proxying)
[INFO] [2017-10-26 17:54:19][org.springframework.context.support.PostProcessorRegistrationDelegate$BeanPostProcessorChecker]Bean 'dataSource' of type [org.apache.commons.dbcp2.BasicDataSource] is not eligible for getting processed by all BeanPostProcessors (for example: not eligible for auto-proxying)
[INFO] [2017-10-26 17:54:20][org.springframework.context.support.PostProcessorRegistrationDelegate$BeanPostProcessorChecker]Bean 'sqlSessionFactory' of type [org.mybatis.spring.SqlSessionFactoryBean] is not eligible for getting processed by all BeanPostProcessors (for example: not eligible for auto-proxying)
[INFO] [2017-10-26 17:54:20][org.springframework.context.support.PostProcessorRegistrationDelegate$BeanPostProcessorChecker]Bean 'sqlSessionFactory' of type [org.apache.ibatis.session.defaults.DefaultSqlSessionFactory] is not eligible for getting processed by all BeanPostProcessors (for example: not eligible for auto-proxying)
[INFO] [2017-10-26 17:54:20][org.springframework.context.support.PostProcessorRegistrationDelegate$BeanPostProcessorChecker]Bean 'userDao' of type [org.mybatis.spring.mapper.MapperFactoryBean] is not eligible for getting processed by all BeanPostProcessors (for example: not eligible for auto-proxying)
[INFO] [2017-10-26 17:54:20][org.springframework.context.support.PostProcessorRegistrationDelegate$BeanPostProcessorChecker]Bean 'userDao' of type [com.sun.proxy.$Proxy23] is not eligible for getting processed by all BeanPostProcessors (for example: not eligible for auto-proxying)
[INFO] [2017-10-26 17:54:20][org.springframework.context.support.PostProcessorRegistrationDelegate$BeanPostProcessorChecker]Bean 'myRealm' of type [cn.zhr.realm.MyRealm] is not eligible for getting processed by all BeanPostProcessors (for example: not eligible for auto-proxying)
[INFO] [2017-10-26 17:54:20][org.springframework.context.support.PostProcessorRegistrationDelegate$BeanPostProcessorChecker]Bean 'securityManager' of type [org.apache.shiro.web.mgt.DefaultWebSecurityManager] is not eligible for getting processed by all BeanPostProcessors (for example: not eligible for auto-proxying)
[INFO] [2017-10-26 17:54:20][org.springframework.context.support.PostProcessorRegistrationDelegate$BeanPostProcessorChecker]Bean 'org.apache.shiro.spring.security.interceptor.AuthorizationAttributeSourceAdvisor#0' of type [org.apache.shiro.spring.security.interceptor.AuthorizationAttributeSourceAdvisor] is not eligible for getting processed by all BeanPostProcessors (for example: not eligible for auto-proxying)
[INFO] [2017-10-26 17:54:21][org.springframework.context.support.GenericApplicationContext]Closing org.springframework.context.support.GenericApplicationContext@5f2108b5: startup date [Thu Oct 26 17:54:17 CST 2017]; root of context hierarchy
[INFO] [2017-10-26 18:00:47][org.springframework.test.context.support.DefaultTestContextBootstrapper]Using TestExecutionListeners: [org.springframework.test.context.web.ServletTestExecutionListener@5419f379, org.springframework.test.context.support.DirtiesContextBeforeModesTestExecutionListener@7dc7cbad, org.springframework.test.context.support.DependencyInjectionTestExecutionListener@d2cc05a, org.springframework.test.context.support.DirtiesContextTestExecutionListener@4f933fd1]
[INFO] [2017-10-26 18:00:47][org.springframework.beans.factory.xml.XmlBeanDefinitionReader]Loading XML bean definitions from class path resource [applicationContext.xml]
[INFO] [2017-10-26 18:00:47][org.springframework.beans.factory.xml.XmlBeanDefinitionReader]Loading XML bean definitions from class path resource [spring/spring-dao.xml]
[INFO] [2017-10-26 18:00:47][org.springframework.beans.factory.xml.XmlBeanDefinitionReader]Loading XML bean definitions from class path resource [spring/spring-jdbc.xml]
[INFO] [2017-10-26 18:00:47][org.springframework.beans.factory.xml.XmlBeanDefinitionReader]Loading XML bean definitions from class path resource [spring/spring-tx.xml]
[INFO] [2017-10-26 18:00:47][org.springframework.beans.factory.xml.XmlBeanDefinitionReader]Loading XML bean definitions from class path resource [spring/spring-shiro.xml]
[INFO] [2017-10-26 18:00:47][org.springframework.context.support.GenericApplicationContext]Refreshing org.springframework.context.support.GenericApplicationContext@7085bdee: startup date [Thu Oct 26 18:00:47 CST 2017]; root of context hierarchy
[INFO] [2017-10-26 18:00:47][org.springframework.beans.factory.annotation.AutowiredAnnotationBeanPostProcessor]JSR-330 'javax.inject.Inject' annotation found and supported for autowiring
[INFO] [2017-10-26 18:00:47][org.springframework.context.support.PostProcessorRegistrationDelegate$BeanPostProcessorChecker]Bean 'org.springframework.aop.support.DefaultBeanFactoryPointcutAdvisor#0' of type [org.springframework.aop.support.DefaultBeanFactoryPointcutAdvisor] is not eligible for getting processed by all BeanPostProcessors (for example: not eligible for auto-proxying)
[INFO] [2017-10-26 18:00:48][org.springframework.context.support.PostProcessorRegistrationDelegate$BeanPostProcessorChecker]Bean 'dataSource' of type [org.apache.commons.dbcp2.BasicDataSource] is not eligible for getting processed by all BeanPostProcessors (for example: not eligible for auto-proxying)
[INFO] [2017-10-26 18:00:48][org.springframework.context.support.PostProcessorRegistrationDelegate$BeanPostProcessorChecker]Bean 'sqlSessionFactory' of type [org.mybatis.spring.SqlSessionFactoryBean] is not eligible for getting processed by all BeanPostProcessors (for example: not eligible for auto-proxying)
[INFO] [2017-10-26 18:00:48][org.springframework.context.support.PostProcessorRegistrationDelegate$BeanPostProcessorChecker]Bean 'sqlSessionFactory' of type [org.apache.ibatis.session.defaults.DefaultSqlSessionFactory] is not eligible for getting processed by all BeanPostProcessors (for example: not eligible for auto-proxying)
[INFO] [2017-10-26 18:00:48][org.springframework.context.support.PostProcessorRegistrationDelegate$BeanPostProcessorChecker]Bean 'userDao' of type [org.mybatis.spring.mapper.MapperFactoryBean] is not eligible for getting processed by all BeanPostProcessors (for example: not eligible for auto-proxying)
[INFO] [2017-10-26 18:00:48][org.springframework.context.support.PostProcessorRegistrationDelegate$BeanPostProcessorChecker]Bean 'userDao' of type [com.sun.proxy.$Proxy23] is not eligible for getting processed by all BeanPostProcessors (for example: not eligible for auto-proxying)
[INFO] [2017-10-26 18:00:48][org.springframework.context.support.PostProcessorRegistrationDelegate$BeanPostProcessorChecker]Bean 'myRealm' of type [cn.zhr.realm.MyRealm] is not eligible for getting processed by all BeanPostProcessors (for example: not eligible for auto-proxying)
[INFO] [2017-10-26 18:00:48][org.springframework.context.support.PostProcessorRegistrationDelegate$BeanPostProcessorChecker]Bean 'securityManager' of type [org.apache.shiro.web.mgt.DefaultWebSecurityManager] is not eligible for getting processed by all BeanPostProcessors (for example: not eligible for auto-proxying)
[INFO] [2017-10-26 18:00:48][org.springframework.context.support.PostProcessorRegistrationDelegate$BeanPostProcessorChecker]Bean 'org.apache.shiro.spring.security.interceptor.AuthorizationAttributeSourceAdvisor#0' of type [org.apache.shiro.spring.security.interceptor.AuthorizationAttributeSourceAdvisor] is not eligible for getting processed by all BeanPostProcessors (for example: not eligible for auto-proxying)
[INFO] [2017-10-26 18:00:48][org.springframework.context.support.GenericApplicationContext]Closing org.springframework.context.support.GenericApplicationContext@7085bdee: startup date [Thu Oct 26 18:00:47 CST 2017]; root of context hierarchy
[INFO] [2017-10-26 18:01:34][org.springframework.test.context.support.DefaultTestContextBootstrapper]Using TestExecutionListeners: [org.springframework.test.context.web.ServletTestExecutionListener@5419f379, org.springframework.test.context.support.DirtiesContextBeforeModesTestExecutionListener@7dc7cbad, org.springframework.test.context.support.DependencyInjectionTestExecutionListener@d2cc05a, org.springframework.test.context.support.DirtiesContextTestExecutionListener@4f933fd1]
[INFO] [2017-10-26 18:01:34][org.springframework.beans.factory.xml.XmlBeanDefinitionReader]Loading XML bean definitions from class path resource [applicationContext.xml]
[INFO] [2017-10-26 18:01:34][org.springframework.beans.factory.xml.XmlBeanDefinitionReader]Loading XML bean definitions from class path resource [spring/spring-dao.xml]
[INFO] [2017-10-26 18:01:34][org.springframework.beans.factory.xml.XmlBeanDefinitionReader]Loading XML bean definitions from class path resource [spring/spring-jdbc.xml]
[INFO] [2017-10-26 18:01:34][org.springframework.beans.factory.xml.XmlBeanDefinitionReader]Loading XML bean definitions from class path resource [spring/spring-tx.xml]
[INFO] [2017-10-26 18:01:34][org.springframework.beans.factory.xml.XmlBeanDefinitionReader]Loading XML bean definitions from class path resource [spring/spring-shiro.xml]
[INFO] [2017-10-26 18:01:34][org.springframework.context.support.GenericApplicationContext]Refreshing org.springframework.context.support.GenericApplicationContext@7085bdee: startup date [Thu Oct 26 18:01:34 CST 2017]; root of context hierarchy
[INFO] [2017-10-26 18:01:35][org.springframework.beans.factory.annotation.AutowiredAnnotationBeanPostProcessor]JSR-330 'javax.inject.Inject' annotation found and supported for autowiring
[INFO] [2017-10-26 18:01:35][org.springframework.context.support.PostProcessorRegistrationDelegate$BeanPostProcessorChecker]Bean 'org.springframework.aop.support.DefaultBeanFactoryPointcutAdvisor#0' of type [org.springframework.aop.support.DefaultBeanFactoryPointcutAdvisor] is not eligible for getting processed by all BeanPostProcessors (for example: not eligible for auto-proxying)
[INFO] [2017-10-26 18:01:35][org.springframework.context.support.PostProcessorRegistrationDelegate$BeanPostProcessorChecker]Bean 'dataSource' of type [org.apache.commons.dbcp2.BasicDataSource] is not eligible for getting processed by all BeanPostProcessors (for example: not eligible for auto-proxying)
[INFO] [2017-10-26 18:01:35][org.springframework.context.support.PostProcessorRegistrationDelegate$BeanPostProcessorChecker]Bean 'sqlSessionFactory' of type [org.mybatis.spring.SqlSessionFactoryBean] is not eligible for getting processed by all BeanPostProcessors (for example: not eligible for auto-proxying)
[INFO] [2017-10-26 18:01:35][org.springframework.context.support.PostProcessorRegistrationDelegate$BeanPostProcessorChecker]Bean 'sqlSessionFactory' of type [org.apache.ibatis.session.defaults.DefaultSqlSessionFactory] is not eligible for getting processed by all BeanPostProcessors (for example: not eligible for auto-proxying)
[INFO] [2017-10-26 18:01:35][org.springframework.context.support.PostProcessorRegistrationDelegate$BeanPostProcessorChecker]Bean 'userDao' of type [org.mybatis.spring.mapper.MapperFactoryBean] is not eligible for getting processed by all BeanPostProcessors (for example: not eligible for auto-proxying)
[INFO] [2017-10-26 18:01:35][org.springframework.context.support.PostProcessorRegistrationDelegate$BeanPostProcessorChecker]Bean 'userDao' of type [com.sun.proxy.$Proxy23] is not eligible for getting processed by all BeanPostProcessors (for example: not eligible for auto-proxying)
[INFO] [2017-10-26 18:01:35][org.springframework.context.support.PostProcessorRegistrationDelegate$BeanPostProcessorChecker]Bean 'myRealm' of type [cn.zhr.realm.MyRealm] is not eligible for getting processed by all BeanPostProcessors (for example: not eligible for auto-proxying)
[INFO] [2017-10-26 18:01:35][org.springframework.context.support.PostProcessorRegistrationDelegate$BeanPostProcessorChecker]Bean 'securityManager' of type [org.apache.shiro.web.mgt.DefaultWebSecurityManager] is not eligible for getting processed by all BeanPostProcessors (for example: not eligible for auto-proxying)
[INFO] [2017-10-26 18:01:35][org.springframework.context.support.PostProcessorRegistrationDelegate$BeanPostProcessorChecker]Bean 'org.apache.shiro.spring.security.interceptor.AuthorizationAttributeSourceAdvisor#0' of type [org.apache.shiro.spring.security.interceptor.AuthorizationAttributeSourceAdvisor] is not eligible for getting processed by all BeanPostProcessors (for example: not eligible for auto-proxying)
[INFO] [2017-10-26 18:01:36][org.springframework.context.support.GenericApplicationContext]Closing org.springframework.context.support.GenericApplicationContext@7085bdee: startup date [Thu Oct 26 18:01:34 CST 2017]; root of context hierarchy
[INFO] [2017-10-26 18:02:10][org.springframework.test.context.support.DefaultTestContextBootstrapper]Using TestExecutionListeners: [org.springframework.test.context.web.ServletTestExecutionListener@5419f379, org.springframework.test.context.support.DirtiesContextBeforeModesTestExecutionListener@7dc7cbad, org.springframework.test.context.support.DependencyInjectionTestExecutionListener@d2cc05a, org.springframework.test.context.support.DirtiesContextTestExecutionListener@4f933fd1]
[INFO] [2017-10-26 18:02:11][org.springframework.beans.factory.xml.XmlBeanDefinitionReader]Loading XML bean definitions from class path resource [applicationContext.xml]
[INFO] [2017-10-26 18:02:11][org.springframework.beans.factory.xml.XmlBeanDefinitionReader]Loading XML bean definitions from class path resource [spring/spring-dao.xml]
[INFO] [2017-10-26 18:02:11][org.springframework.beans.factory.xml.XmlBeanDefinitionReader]Loading XML bean definitions from class path resource [spring/spring-jdbc.xml]
[INFO] [2017-10-26 18:02:11][org.springframework.beans.factory.xml.XmlBeanDefinitionReader]Loading XML bean definitions from class path resource [spring/spring-tx.xml]
[INFO] [2017-10-26 18:02:11][org.springframework.beans.factory.xml.XmlBeanDefinitionReader]Loading XML bean definitions from class path resource [spring/spring-shiro.xml]
[INFO] [2017-10-26 18:02:11][org.springframework.context.support.GenericApplicationContext]Refreshing org.springframework.context.support.GenericApplicationContext@7085bdee: startup date [Thu Oct 26 18:02:11 CST 2017]; root of context hierarchy
[INFO] [2017-10-26 18:02:11][org.springframework.beans.factory.annotation.AutowiredAnnotationBeanPostProcessor]JSR-330 'javax.inject.Inject' annotation found and supported for autowiring
[INFO] [2017-10-26 18:02:11][org.springframework.context.support.PostProcessorRegistrationDelegate$BeanPostProcessorChecker]Bean 'org.springframework.aop.support.DefaultBeanFactoryPointcutAdvisor#0' of type [org.springframework.aop.support.DefaultBeanFactoryPointcutAdvisor] is not eligible for getting processed by all BeanPostProcessors (for example: not eligible for auto-proxying)
[INFO] [2017-10-26 18:02:11][org.springframework.context.support.PostProcessorRegistrationDelegate$BeanPostProcessorChecker]Bean 'dataSource' of type [org.apache.commons.dbcp2.BasicDataSource] is not eligible for getting processed by all BeanPostProcessors (for example: not eligible for auto-proxying)
[INFO] [2017-10-26 18:02:12][org.springframework.context.support.PostProcessorRegistrationDelegate$BeanPostProcessorChecker]Bean 'sqlSessionFactory' of type [org.mybatis.spring.SqlSessionFactoryBean] is not eligible for getting processed by all BeanPostProcessors (for example: not eligible for auto-proxying)
[INFO] [2017-10-26 18:02:12][org.springframework.context.support.PostProcessorRegistrationDelegate$BeanPostProcessorChecker]Bean 'sqlSessionFactory' of type [org.apache.ibatis.session.defaults.DefaultSqlSessionFactory] is not eligible for getting processed by all BeanPostProcessors (for example: not eligible for auto-proxying)
[INFO] [2017-10-26 18:02:12][org.springframework.context.support.PostProcessorRegistrationDelegate$BeanPostProcessorChecker]Bean 'userDao' of type [org.mybatis.spring.mapper.MapperFactoryBean] is not eligible for getting processed by all BeanPostProcessors (for example: not eligible for auto-proxying)
[INFO] [2017-10-26 18:02:12][org.springframework.context.support.PostProcessorRegistrationDelegate$BeanPostProcessorChecker]Bean 'userDao' of type [com.sun.proxy.$Proxy23] is not eligible for getting processed by all BeanPostProcessors (for example: not eligible for auto-proxying)
[INFO] [2017-10-26 18:02:12][org.springframework.context.support.PostProcessorRegistrationDelegate$BeanPostProcessorChecker]Bean 'myRealm' of type [cn.zhr.realm.MyRealm] is not eligible for getting processed by all BeanPostProcessors (for example: not eligible for auto-proxying)
[INFO] [2017-10-26 18:02:12][org.springframework.context.support.PostProcessorRegistrationDelegate$BeanPostProcessorChecker]Bean 'securityManager' of type [org.apache.shiro.web.mgt.DefaultWebSecurityManager] is not eligible for getting processed by all BeanPostProcessors (for example: not eligible for auto-proxying)
[INFO] [2017-10-26 18:02:12][org.springframework.context.support.PostProcessorRegistrationDelegate$BeanPostProcessorChecker]Bean 'org.apache.shiro.spring.security.interceptor.AuthorizationAttributeSourceAdvisor#0' of type [org.apache.shiro.spring.security.interceptor.AuthorizationAttributeSourceAdvisor] is not eligible for getting processed by all BeanPostProcessors (for example: not eligible for auto-proxying)
[INFO] [2017-10-26 18:02:12][org.springframework.context.support.GenericApplicationContext]Closing org.springframework.context.support.GenericApplicationContext@7085bdee: startup date [Thu Oct 26 18:02:11 CST 2017]; root of context hierarchy
[INFO] [2017-10-26 18:03:14][org.springframework.test.context.support.DefaultTestContextBootstrapper]Using TestExecutionListeners: [org.springframework.test.context.web.ServletTestExecutionListener@5419f379, org.springframework.test.context.support.DirtiesContextBeforeModesTestExecutionListener@7dc7cbad, org.springframework.test.context.support.DependencyInjectionTestExecutionListener@d2cc05a, org.springframework.test.context.support.DirtiesContextTestExecutionListener@4f933fd1]
[INFO] [2017-10-26 18:03:14][org.springframework.beans.factory.xml.XmlBeanDefinitionReader]Loading XML bean definitions from class path resource [applicationContext.xml]
[INFO] [2017-10-26 18:03:14][org.springframework.beans.factory.xml.XmlBeanDefinitionReader]Loading XML bean definitions from class path resource [spring/spring-dao.xml]
[INFO] [2017-10-26 18:03:14][org.springframework.beans.factory.xml.XmlBeanDefinitionReader]Loading XML bean definitions from class path resource [spring/spring-jdbc.xml]
[INFO] [2017-10-26 18:03:14][org.springframework.beans.factory.xml.XmlBeanDefinitionReader]Loading XML bean definitions from class path resource [spring/spring-tx.xml]
[INFO] [2017-10-26 18:03:14][org.springframework.beans.factory.xml.XmlBeanDefinitionReader]Loading XML bean definitions from class path resource [spring/spring-shiro.xml]
[INFO] [2017-10-26 18:03:14][org.springframework.context.support.GenericApplicationContext]Refreshing org.springframework.context.support.GenericApplicationContext@7085bdee: startup date [Thu Oct 26 18:03:14 CST 2017]; root of context hierarchy
[INFO] [2017-10-26 18:03:14][org.springframework.beans.factory.annotation.AutowiredAnnotationBeanPostProcessor]JSR-330 'javax.inject.Inject' annotation found and supported for autowiring
[INFO] [2017-10-26 18:03:14][org.springframework.context.support.PostProcessorRegistrationDelegate$BeanPostProcessorChecker]Bean 'org.springframework.aop.support.DefaultBeanFactoryPointcutAdvisor#0' of type [org.springframework.aop.support.DefaultBeanFactoryPointcutAdvisor] is not eligible for getting processed by all BeanPostProcessors (for example: not eligible for auto-proxying)
[INFO] [2017-10-26 18:03:15][org.springframework.context.support.PostProcessorRegistrationDelegate$BeanPostProcessorChecker]Bean 'dataSource' of type [org.apache.commons.dbcp2.BasicDataSource] is not eligible for getting processed by all BeanPostProcessors (for example: not eligible for auto-proxying)
[INFO] [2017-10-26 18:03:15][org.springframework.context.support.PostProcessorRegistrationDelegate$BeanPostProcessorChecker]Bean 'sqlSessionFactory' of type [org.mybatis.spring.SqlSessionFactoryBean] is not eligible for getting processed by all BeanPostProcessors (for example: not eligible for auto-proxying)
[INFO] [2017-10-26 18:03:15][org.springframework.context.support.PostProcessorRegistrationDelegate$BeanPostProcessorChecker]Bean 'sqlSessionFactory' of type [org.apache.ibatis.session.defaults.DefaultSqlSessionFactory] is not eligible for getting processed by all BeanPostProcessors (for example: not eligible for auto-proxying)
[INFO] [2017-10-26 18:03:15][org.springframework.context.support.PostProcessorRegistrationDelegate$BeanPostProcessorChecker]Bean 'userDao' of type [org.mybatis.spring.mapper.MapperFactoryBean] is not eligible for getting processed by all BeanPostProcessors (for example: not eligible for auto-proxying)
[INFO] [2017-10-26 18:03:15][org.springframework.context.support.PostProcessorRegistrationDelegate$BeanPostProcessorChecker]Bean 'userDao' of type [com.sun.proxy.$Proxy23] is not eligible for getting processed by all BeanPostProcessors (for example: not eligible for auto-proxying)
[INFO] [2017-10-26 18:03:15][org.springframework.context.support.PostProcessorRegistrationDelegate$BeanPostProcessorChecker]Bean 'myRealm' of type [cn.zhr.realm.MyRealm] is not eligible for getting processed by all BeanPostProcessors (for example: not eligible for auto-proxying)
[INFO] [2017-10-26 18:03:15][org.springframework.context.support.PostProcessorRegistrationDelegate$BeanPostProcessorChecker]Bean 'securityManager' of type [org.apache.shiro.web.mgt.DefaultWebSecurityManager] is not eligible for getting processed by all BeanPostProcessors (for example: not eligible for auto-proxying)
[INFO] [2017-10-26 18:03:15][org.springframework.context.support.PostProcessorRegistrationDelegate$BeanPostProcessorChecker]Bean 'org.apache.shiro.spring.security.interceptor.AuthorizationAttributeSourceAdvisor#0' of type [org.apache.shiro.spring.security.interceptor.AuthorizationAttributeSourceAdvisor] is not eligible for getting processed by all BeanPostProcessors (for example: not eligible for auto-proxying)
[INFO] [2017-10-26 18:03:15][org.springframework.context.support.GenericApplicationContext]Closing org.springframework.context.support.GenericApplicationContext@7085bdee: startup date [Thu Oct 26 18:03:14 CST 2017]; root of context hierarchy
[INFO] [2017-10-26 18:03:31][org.springframework.test.context.support.DefaultTestContextBootstrapper]Using TestExecutionListeners: [org.springframework.test.context.web.ServletTestExecutionListener@5419f379, org.springframework.test.context.support.DirtiesContextBeforeModesTestExecutionListener@7dc7cbad, org.springframework.test.context.support.DependencyInjectionTestExecutionListener@d2cc05a, org.springframework.test.context.support.DirtiesContextTestExecutionListener@4f933fd1]
[INFO] [2017-10-26 18:03:31][org.springframework.beans.factory.xml.XmlBeanDefinitionReader]Loading XML bean definitions from class path resource [applicationContext.xml]
[INFO] [2017-10-26 18:03:31][org.springframework.beans.factory.xml.XmlBeanDefinitionReader]Loading XML bean definitions from class path resource [spring/spring-dao.xml]
[INFO] [2017-10-26 18:03:31][org.springframework.beans.factory.xml.XmlBeanDefinitionReader]Loading XML bean definitions from class path resource [spring/spring-jdbc.xml]
[INFO] [2017-10-26 18:03:31][org.springframework.beans.factory.xml.XmlBeanDefinitionReader]Loading XML bean definitions from class path resource [spring/spring-tx.xml]
[INFO] [2017-10-26 18:03:31][org.springframework.beans.factory.xml.XmlBeanDefinitionReader]Loading XML bean definitions from class path resource [spring/spring-shiro.xml]
[INFO] [2017-10-26 18:03:31][org.springframework.context.support.GenericApplicationContext]Refreshing org.springframework.context.support.GenericApplicationContext@7085bdee: startup date [Thu Oct 26 18:03:31 CST 2017]; root of context hierarchy
[INFO] [2017-10-26 18:03:31][org.springframework.beans.factory.annotation.AutowiredAnnotationBeanPostProcessor]JSR-330 'javax.inject.Inject' annotation found and supported for autowiring
[INFO] [2017-10-26 18:03:32][org.springframework.context.support.PostProcessorRegistrationDelegate$BeanPostProcessorChecker]Bean 'org.springframework.aop.support.DefaultBeanFactoryPointcutAdvisor#0' of type [org.springframework.aop.support.DefaultBeanFactoryPointcutAdvisor] is not eligible for getting processed by all BeanPostProcessors (for example: not eligible for auto-proxying)
[INFO] [2017-10-26 18:03:32][org.springframework.context.support.PostProcessorRegistrationDelegate$BeanPostProcessorChecker]Bean 'dataSource' of type [org.apache.commons.dbcp2.BasicDataSource] is not eligible for getting processed by all BeanPostProcessors (for example: not eligible for auto-proxying)
[INFO] [2017-10-26 18:03:32][org.springframework.context.support.PostProcessorRegistrationDelegate$BeanPostProcessorChecker]Bean 'sqlSessionFactory' of type [org.mybatis.spring.SqlSessionFactoryBean] is not eligible for getting processed by all BeanPostProcessors (for example: not eligible for auto-proxying)
[INFO] [2017-10-26 18:03:32][org.springframework.context.support.PostProcessorRegistrationDelegate$BeanPostProcessorChecker]Bean 'sqlSessionFactory' of type [org.apache.ibatis.session.defaults.DefaultSqlSessionFactory] is not eligible for getting processed by all BeanPostProcessors (for example: not eligible for auto-proxying)
[INFO] [2017-10-26 18:03:32][org.springframework.context.support.PostProcessorRegistrationDelegate$BeanPostProcessorChecker]Bean 'userDao' of type [org.mybatis.spring.mapper.MapperFactoryBean] is not eligible for getting processed by all BeanPostProcessors (for example: not eligible for auto-proxying)
[INFO] [2017-10-26 18:03:32][org.springframework.context.support.PostProcessorRegistrationDelegate$BeanPostProcessorChecker]Bean 'userDao' of type [com.sun.proxy.$Proxy23] is not eligible for getting processed by all BeanPostProcessors (for example: not eligible for auto-proxying)
[INFO] [2017-10-26 18:03:32][org.springframework.context.support.PostProcessorRegistrationDelegate$BeanPostProcessorChecker]Bean 'myRealm' of type [cn.zhr.realm.MyRealm] is not eligible for getting processed by all BeanPostProcessors (for example: not eligible for auto-proxying)
[INFO] [2017-10-26 18:03:32][org.springframework.context.support.PostProcessorRegistrationDelegate$BeanPostProcessorChecker]Bean 'securityManager' of type [org.apache.shiro.web.mgt.DefaultWebSecurityManager] is not eligible for getting processed by all BeanPostProcessors (for example: not eligible for auto-proxying)
[INFO] [2017-10-26 18:03:32][org.springframework.context.support.PostProcessorRegistrationDelegate$BeanPostProcessorChecker]Bean 'org.apache.shiro.spring.security.interceptor.AuthorizationAttributeSourceAdvisor#0' of type [org.apache.shiro.spring.security.interceptor.AuthorizationAttributeSourceAdvisor] is not eligible for getting processed by all BeanPostProcessors (for example: not eligible for auto-proxying)
[INFO] [2017-10-26 18:03:33][org.springframework.context.support.GenericApplicationContext]Closing org.springframework.context.support.GenericApplicationContext@7085bdee: startup date [Thu Oct 26 18:03:31 CST 2017]; root of context hierarchy
[INFO] [2017-10-26 18:04:20][org.springframework.test.context.support.DefaultTestContextBootstrapper]Using TestExecutionListeners: [org.springframework.test.context.web.ServletTestExecutionListener@5419f379, org.springframework.test.context.support.DirtiesContextBeforeModesTestExecutionListener@7dc7cbad, org.springframework.test.context.support.DependencyInjectionTestExecutionListener@d2cc05a, org.springframework.test.context.support.DirtiesContextTestExecutionListener@4f933fd1]
[INFO] [2017-10-26 18:04:20][org.springframework.beans.factory.xml.XmlBeanDefinitionReader]Loading XML bean definitions from class path resource [applicationContext.xml]
[INFO] [2017-10-26 18:04:20][org.springframework.beans.factory.xml.XmlBeanDefinitionReader]Loading XML bean definitions from class path resource [spring/spring-dao.xml]
[INFO] [2017-10-26 18:04:20][org.springframework.beans.factory.xml.XmlBeanDefinitionReader]Loading XML bean definitions from class path resource [spring/spring-jdbc.xml]
[INFO] [2017-10-26 18:04:20][org.springframework.beans.factory.xml.XmlBeanDefinitionReader]Loading XML bean definitions from class path resource [spring/spring-tx.xml]
[INFO] [2017-10-26 18:04:20][org.springframework.beans.factory.xml.XmlBeanDefinitionReader]Loading XML bean definitions from class path resource [spring/spring-shiro.xml]
[INFO] [2017-10-26 18:04:20][org.springframework.context.support.GenericApplicationContext]Refreshing org.springframework.context.support.GenericApplicationContext@7085bdee: startup date [Thu Oct 26 18:04:20 CST 2017]; root of context hierarchy
[INFO] [2017-10-26 18:04:20][org.springframework.beans.factory.annotation.AutowiredAnnotationBeanPostProcessor]JSR-330 'javax.inject.Inject' annotation found and supported for autowiring
[INFO] [2017-10-26 18:04:20][org.springframework.context.support.PostProcessorRegistrationDelegate$BeanPostProcessorChecker]Bean 'org.springframework.aop.support.DefaultBeanFactoryPointcutAdvisor#0' of type [org.springframework.aop.support.DefaultBeanFactoryPointcutAdvisor] is not eligible for getting processed by all BeanPostProcessors (for example: not eligible for auto-proxying)
[INFO] [2017-10-26 18:04:21][org.springframework.context.support.PostProcessorRegistrationDelegate$BeanPostProcessorChecker]Bean 'dataSource' of type [org.apache.commons.dbcp2.BasicDataSource] is not eligible for getting processed by all BeanPostProcessors (for example: not eligible for auto-proxying)
[INFO] [2017-10-26 18:04:21][org.springframework.context.support.PostProcessorRegistrationDelegate$BeanPostProcessorChecker]Bean 'sqlSessionFactory' of type [org.mybatis.spring.SqlSessionFactoryBean] is not eligible for getting processed by all BeanPostProcessors (for example: not eligible for auto-proxying)
[INFO] [2017-10-26 18:04:21][org.springframework.context.support.PostProcessorRegistrationDelegate$BeanPostProcessorChecker]Bean 'sqlSessionFactory' of type [org.apache.ibatis.session.defaults.DefaultSqlSessionFactory] is not eligible for getting processed by all BeanPostProcessors (for example: not eligible for auto-proxying)
[INFO] [2017-10-26 18:04:21][org.springframework.context.support.PostProcessorRegistrationDelegate$BeanPostProcessorChecker]Bean 'userDao' of type [org.mybatis.spring.mapper.MapperFactoryBean] is not eligible for getting processed by all BeanPostProcessors (for example: not eligible for auto-proxying)
[INFO] [2017-10-26 18:04:21][org.springframework.context.support.PostProcessorRegistrationDelegate$BeanPostProcessorChecker]Bean 'userDao' of type [com.sun.proxy.$Proxy23] is not eligible for getting processed by all BeanPostProcessors (for example: not eligible for auto-proxying)
[INFO] [2017-10-26 18:04:21][org.springframework.context.support.PostProcessorRegistrationDelegate$BeanPostProcessorChecker]Bean 'myRealm' of type [cn.zhr.realm.MyRealm] is not eligible for getting processed by all BeanPostProcessors (for example: not eligible for auto-proxying)
[INFO] [2017-10-26 18:04:21][org.springframework.context.support.PostProcessorRegistrationDelegate$BeanPostProcessorChecker]Bean 'securityManager' of type [org.apache.shiro.web.mgt.DefaultWebSecurityManager] is not eligible for getting processed by all BeanPostProcessors (for example: not eligible for auto-proxying)
[INFO] [2017-10-26 18:04:21][org.springframework.context.support.PostProcessorRegistrationDelegate$BeanPostProcessorChecker]Bean 'org.apache.shiro.spring.security.interceptor.AuthorizationAttributeSourceAdvisor#0' of type [org.apache.shiro.spring.security.interceptor.AuthorizationAttributeSourceAdvisor] is not eligible for getting processed by all BeanPostProcessors (for example: not eligible for auto-proxying)
[INFO] [2017-10-26 18:04:22][org.springframework.context.support.GenericApplicationContext]Closing org.springframework.context.support.GenericApplicationContext@7085bdee: startup date [Thu Oct 26 18:04:20 CST 2017]; root of context hierarchy
[INFO] [2017-10-26 18:08:40][org.springframework.test.context.support.DefaultTestContextBootstrapper]Using TestExecutionListeners: [org.springframework.test.context.web.ServletTestExecutionListener@5419f379, org.springframework.test.context.support.DirtiesContextBeforeModesTestExecutionListener@7dc7cbad, org.springframework.test.context.support.DependencyInjectionTestExecutionListener@d2cc05a, org.springframework.test.context.support.DirtiesContextTestExecutionListener@4f933fd1]
[INFO] [2017-10-26 18:08:40][org.springframework.beans.factory.xml.XmlBeanDefinitionReader]Loading XML bean definitions from class path resource [applicationContext.xml]
[INFO] [2017-10-26 18:08:40][org.springframework.beans.factory.xml.XmlBeanDefinitionReader]Loading XML bean definitions from class path resource [spring/spring-dao.xml]
[INFO] [2017-10-26 18:08:40][org.springframework.beans.factory.xml.XmlBeanDefinitionReader]Loading XML bean definitions from class path resource [spring/spring-jdbc.xml]
[INFO] [2017-10-26 18:08:40][org.springframework.beans.factory.xml.XmlBeanDefinitionReader]Loading XML bean definitions from class path resource [spring/spring-tx.xml]
[INFO] [2017-10-26 18:08:40][org.springframework.beans.factory.xml.XmlBeanDefinitionReader]Loading XML bean definitions from class path resource [spring/spring-shiro.xml]
[INFO] [2017-10-26 18:08:40][org.springframework.context.support.GenericApplicationContext]Refreshing org.springframework.context.support.GenericApplicationContext@7085bdee: startup date [Thu Oct 26 18:08:40 CST 2017]; root of context hierarchy
[INFO] [2017-10-26 18:08:40][org.springframework.beans.factory.annotation.AutowiredAnnotationBeanPostProcessor]JSR-330 'javax.inject.Inject' annotation found and supported for autowiring
[INFO] [2017-10-26 18:08:40][org.springframework.context.support.PostProcessorRegistrationDelegate$BeanPostProcessorChecker]Bean 'org.springframework.aop.support.DefaultBeanFactoryPointcutAdvisor#0' of type [org.springframework.aop.support.DefaultBeanFactoryPointcutAdvisor] is not eligible for getting processed by all BeanPostProcessors (for example: not eligible for auto-proxying)
[INFO] [2017-10-26 18:08:40][org.springframework.context.support.PostProcessorRegistrationDelegate$BeanPostProcessorChecker]Bean 'dataSource' of type [org.apache.commons.dbcp2.BasicDataSource] is not eligible for getting processed by all BeanPostProcessors (for example: not eligible for auto-proxying)
[INFO] [2017-10-26 18:08:41][org.springframework.context.support.PostProcessorRegistrationDelegate$BeanPostProcessorChecker]Bean 'sqlSessionFactory' of type [org.mybatis.spring.SqlSessionFactoryBean] is not eligible for getting processed by all BeanPostProcessors (for example: not eligible for auto-proxying)
[INFO] [2017-10-26 18:08:41][org.springframework.context.support.PostProcessorRegistrationDelegate$BeanPostProcessorChecker]Bean 'sqlSessionFactory' of type [org.apache.ibatis.session.defaults.DefaultSqlSessionFactory] is not eligible for getting processed by all BeanPostProcessors (for example: not eligible for auto-proxying)
[INFO] [2017-10-26 18:08:41][org.springframework.context.support.PostProcessorRegistrationDelegate$BeanPostProcessorChecker]Bean 'userDao' of type [org.mybatis.spring.mapper.MapperFactoryBean] is not eligible for getting processed by all BeanPostProcessors (for example: not eligible for auto-proxying)
[INFO] [2017-10-26 18:08:41][org.springframework.context.support.PostProcessorRegistrationDelegate$BeanPostProcessorChecker]Bean 'userDao' of type [com.sun.proxy.$Proxy23] is not eligible for getting processed by all BeanPostProcessors (for example: not eligible for auto-proxying)
[INFO] [2017-10-26 18:08:41][org.springframework.context.support.PostProcessorRegistrationDelegate$BeanPostProcessorChecker]Bean 'myRealm' of type [cn.zhr.realm.MyRealm] is not eligible for getting processed by all BeanPostProcessors (for example: not eligible for auto-proxying)
[INFO] [2017-10-26 18:08:41][org.springframework.context.support.PostProcessorRegistrationDelegate$BeanPostProcessorChecker]Bean 'securityManager' of type [org.apache.shiro.web.mgt.DefaultWebSecurityManager] is not eligible for getting processed by all BeanPostProcessors (for example: not eligible for auto-proxying)
[INFO] [2017-10-26 18:08:41][org.springframework.context.support.PostProcessorRegistrationDelegate$BeanPostProcessorChecker]Bean 'org.apache.shiro.spring.security.interceptor.AuthorizationAttributeSourceAdvisor#0' of type [org.apache.shiro.spring.security.interceptor.AuthorizationAttributeSourceAdvisor] is not eligible for getting processed by all BeanPostProcessors (for example: not eligible for auto-proxying)
[INFO] [2017-10-26 18:08:41][org.springframework.context.support.GenericApplicationContext]Closing org.springframework.context.support.GenericApplicationContext@7085bdee: startup date [Thu Oct 26 18:08:40 CST 2017]; root of context hierarchy
[INFO] [2017-10-26 18:12:45][org.springframework.test.context.support.DefaultTestContextBootstrapper]Using TestExecutionListeners: [org.springframework.test.context.web.ServletTestExecutionListener@5419f379, org.springframework.test.context.support.DirtiesContextBeforeModesTestExecutionListener@7dc7cbad, org.springframework.test.context.support.DependencyInjectionTestExecutionListener@d2cc05a, org.springframework.test.context.support.DirtiesContextTestExecutionListener@4f933fd1]
[INFO] [2017-10-26 18:12:46][org.springframework.beans.factory.xml.XmlBeanDefinitionReader]Loading XML bean definitions from class path resource [applicationContext.xml]
[INFO] [2017-10-26 18:12:46][org.springframework.beans.factory.xml.XmlBeanDefinitionReader]Loading XML bean definitions from class path resource [spring/spring-dao.xml]
[INFO] [2017-10-26 18:12:46][org.springframework.beans.factory.xml.XmlBeanDefinitionReader]Loading XML bean definitions from class path resource [spring/spring-jdbc.xml]
[INFO] [2017-10-26 18:12:46][org.springframework.beans.factory.xml.XmlBeanDefinitionReader]Loading XML bean definitions from class path resource [spring/spring-tx.xml]
[INFO] [2017-10-26 18:12:46][org.springframework.beans.factory.xml.XmlBeanDefinitionReader]Loading XML bean definitions from class path resource [spring/spring-shiro.xml]
[INFO] [2017-10-26 18:12:46][org.springframework.context.support.GenericApplicationContext]Refreshing org.springframework.context.support.GenericApplicationContext@7085bdee: startup date [Thu Oct 26 18:12:46 CST 2017]; root of context hierarchy
[INFO] [2017-10-26 18:12:46][org.springframework.beans.factory.annotation.AutowiredAnnotationBeanPostProcessor]JSR-330 'javax.inject.Inject' annotation found and supported for autowiring
[INFO] [2017-10-26 18:12:46][org.springframework.context.support.PostProcessorRegistrationDelegate$BeanPostProcessorChecker]Bean 'org.springframework.aop.support.DefaultBeanFactoryPointcutAdvisor#0' of type [org.springframework.aop.support.DefaultBeanFactoryPointcutAdvisor] is not eligible for getting processed by all BeanPostProcessors (for example: not eligible for auto-proxying)
[INFO] [2017-10-26 18:12:46][org.springframework.context.support.PostProcessorRegistrationDelegate$BeanPostProcessorChecker]Bean 'dataSource' of type [org.apache.commons.dbcp2.BasicDataSource] is not eligible for getting processed by all BeanPostProcessors (for example: not eligible for auto-proxying)
[INFO] [2017-10-26 18:12:47][org.springframework.context.support.PostProcessorRegistrationDelegate$BeanPostProcessorChecker]Bean 'sqlSessionFactory' of type [org.mybatis.spring.SqlSessionFactoryBean] is not eligible for getting processed by all BeanPostProcessors (for example: not eligible for auto-proxying)
[INFO] [2017-10-26 18:12:47][org.springframework.context.support.PostProcessorRegistrationDelegate$BeanPostProcessorChecker]Bean 'sqlSessionFactory' of type [org.apache.ibatis.session.defaults.DefaultSqlSessionFactory] is not eligible for getting processed by all BeanPostProcessors (for example: not eligible for auto-proxying)
[INFO] [2017-10-26 18:12:47][org.springframework.context.support.PostProcessorRegistrationDelegate$BeanPostProcessorChecker]Bean 'userDao' of type [org.mybatis.spring.mapper.MapperFactoryBean] is not eligible for getting processed by all BeanPostProcessors (for example: not eligible for auto-proxying)
[INFO] [2017-10-26 18:12:47][org.springframework.context.support.PostProcessorRegistrationDelegate$BeanPostProcessorChecker]Bean 'userDao' of type [com.sun.proxy.$Proxy23] is not eligible for getting processed by all BeanPostProcessors (for example: not eligible for auto-proxying)
[INFO] [2017-10-26 18:12:47][org.springframework.context.support.PostProcessorRegistrationDelegate$BeanPostProcessorChecker]Bean 'myRealm' of type [cn.zhr.realm.MyRealm] is not eligible for getting processed by all BeanPostProcessors (for example: not eligible for auto-proxying)
[INFO] [2017-10-26 18:12:47][org.springframework.context.support.PostProcessorRegistrationDelegate$BeanPostProcessorChecker]Bean 'securityManager' of type [org.apache.shiro.web.mgt.DefaultWebSecurityManager] is not eligible for getting processed by all BeanPostProcessors (for example: not eligible for auto-proxying)
[INFO] [2017-10-26 18:12:47][org.springframework.context.support.PostProcessorRegistrationDelegate$BeanPostProcessorChecker]Bean 'org.apache.shiro.spring.security.interceptor.AuthorizationAttributeSourceAdvisor#0' of type [org.apache.shiro.spring.security.interceptor.AuthorizationAttributeSourceAdvisor] is not eligible for getting processed by all BeanPostProcessors (for example: not eligible for auto-proxying)
[INFO] [2017-10-26 18:12:47][org.springframework.context.support.GenericApplicationContext]Closing org.springframework.context.support.GenericApplicationContext@7085bdee: startup date [Thu Oct 26 18:12:46 CST 2017]; root of context hierarchy
[INFO] [2017-10-26 18:13:54][org.springframework.test.context.support.DefaultTestContextBootstrapper]Using TestExecutionListeners: [org.springframework.test.context.web.ServletTestExecutionListener@5419f379, org.springframework.test.context.support.DirtiesContextBeforeModesTestExecutionListener@7dc7cbad, org.springframework.test.context.support.DependencyInjectionTestExecutionListener@d2cc05a, org.springframework.test.context.support.DirtiesContextTestExecutionListener@4f933fd1]
[INFO] [2017-10-26 18:13:54][org.springframework.beans.factory.xml.XmlBeanDefinitionReader]Loading XML bean definitions from class path resource [applicationContext.xml]
[INFO] [2017-10-26 18:13:55][org.springframework.beans.factory.xml.XmlBeanDefinitionReader]Loading XML bean definitions from class path resource [spring/spring-dao.xml]
[INFO] [2017-10-26 18:13:55][org.springframework.beans.factory.xml.XmlBeanDefinitionReader]Loading XML bean definitions from class path resource [spring/spring-jdbc.xml]
[INFO] [2017-10-26 18:13:55][org.springframework.beans.factory.xml.XmlBeanDefinitionReader]Loading XML bean definitions from class path resource [spring/spring-tx.xml]
[INFO] [2017-10-26 18:13:55][org.springframework.beans.factory.xml.XmlBeanDefinitionReader]Loading XML bean definitions from class path resource [spring/spring-shiro.xml]
[INFO] [2017-10-26 18:13:55][org.springframework.context.support.GenericApplicationContext]Refreshing org.springframework.context.support.GenericApplicationContext@7085bdee: startup date [Thu Oct 26 18:13:55 CST 2017]; root of context hierarchy
[INFO] [2017-10-26 18:13:55][org.springframework.beans.factory.annotation.AutowiredAnnotationBeanPostProcessor]JSR-330 'javax.inject.Inject' annotation found and supported for autowiring
[INFO] [2017-10-26 18:13:55][org.springframework.context.support.PostProcessorRegistrationDelegate$BeanPostProcessorChecker]Bean 'org.springframework.aop.support.DefaultBeanFactoryPointcutAdvisor#0' of type [org.springframework.aop.support.DefaultBeanFactoryPointcutAdvisor] is not eligible for getting processed by all BeanPostProcessors (for example: not eligible for auto-proxying)
[INFO] [2017-10-26 18:13:55][org.springframework.context.support.PostProcessorRegistrationDelegate$BeanPostProcessorChecker]Bean 'dataSource' of type [org.apache.commons.dbcp2.BasicDataSource] is not eligible for getting processed by all BeanPostProcessors (for example: not eligible for auto-proxying)
[INFO] [2017-10-26 18:13:55][org.springframework.context.support.PostProcessorRegistrationDelegate$BeanPostProcessorChecker]Bean 'sqlSessionFactory' of type [org.mybatis.spring.SqlSessionFactoryBean] is not eligible for getting processed by all BeanPostProcessors (for example: not eligible for auto-proxying)
[INFO] [2017-10-26 18:13:55][org.springframework.context.support.PostProcessorRegistrationDelegate$BeanPostProcessorChecker]Bean 'sqlSessionFactory' of type [org.apache.ibatis.session.defaults.DefaultSqlSessionFactory] is not eligible for getting processed by all BeanPostProcessors (for example: not eligible for auto-proxying)
[INFO] [2017-10-26 18:13:55][org.springframework.context.support.PostProcessorRegistrationDelegate$BeanPostProcessorChecker]Bean 'userDao' of type [org.mybatis.spring.mapper.MapperFactoryBean] is not eligible for getting processed by all BeanPostProcessors (for example: not eligible for auto-proxying)
[INFO] [2017-10-26 18:13:55][org.springframework.context.support.PostProcessorRegistrationDelegate$BeanPostProcessorChecker]Bean 'userDao' of type [com.sun.proxy.$Proxy23] is not eligible for getting processed by all BeanPostProcessors (for example: not eligible for auto-proxying)
[INFO] [2017-10-26 18:13:55][org.springframework.context.support.PostProcessorRegistrationDelegate$BeanPostProcessorChecker]Bean 'myRealm' of type [cn.zhr.realm.MyRealm] is not eligible for getting processed by all BeanPostProcessors (for example: not eligible for auto-proxying)
[INFO] [2017-10-26 18:13:55][org.springframework.context.support.PostProcessorRegistrationDelegate$BeanPostProcessorChecker]Bean 'securityManager' of type [org.apache.shiro.web.mgt.DefaultWebSecurityManager] is not eligible for getting processed by all BeanPostProcessors (for example: not eligible for auto-proxying)
[INFO] [2017-10-26 18:13:55][org.springframework.context.support.PostProcessorRegistrationDelegate$BeanPostProcessorChecker]Bean 'org.apache.shiro.spring.security.interceptor.AuthorizationAttributeSourceAdvisor#0' of type [org.apache.shiro.spring.security.interceptor.AuthorizationAttributeSourceAdvisor] is not eligible for getting processed by all BeanPostProcessors (for example: not eligible for auto-proxying)
[INFO] [2017-10-26 18:13:56][org.springframework.context.support.GenericApplicationContext]Closing org.springframework.context.support.GenericApplicationContext@7085bdee: startup date [Thu Oct 26 18:13:55 CST 2017]; root of context hierarchy
